<?xml version="1.0" encoding="UTF-8"?>
<!-- Generated by org.testng.reporters.JUnitReportReporter -->
<testsuite hostname="DESKTOP-M0OO5DE" failures="0" tests="1" name="rmgYantra_CrudOpration.DeleteProject" time="2.112" errors="0" timestamp="2022-11-21T15:05:47 IST" skipped="0">
  <testcase classname="rmgYantra_CrudOpration.DeleteProject" name="deleteProject" time="2.112"/>
  <system-out/>
</testsuite> <!-- rmgYantra_CrudOpration.DeleteProject -->
