<?xml version="1.0" encoding="UTF-8"?>
<!-- Generated by org.testng.reporters.JUnitReportReporter -->
<testsuite hostname="DESKTOP-M0OO5DE" failures="0" tests="1" name="BDD_rmgYantraCRUD.CreateProByFethingDataFromFile" time="2.401" errors="0" timestamp="2022-11-22T22:41:54 IST" skipped="0">
  <testcase classname="BDD_rmgYantraCRUD.CreateProByFethingDataFromFile" name="createPro" time="2.401"/>
  <system-out/>
</testsuite> <!-- BDD_rmgYantraCRUD.CreateProByFethingDataFromFile -->
