<?xml version="1.0" encoding="UTF-8"?>
<!-- Generated by org.testng.reporters.JUnitReportReporter -->
<testsuite hostname="DESKTOP-M0OO5DE" failures="0" tests="1" name="rmgYantra_CrudOpration.PartialUpdateProjectTest" time="3.938" errors="0" timestamp="2022-11-21T16:29:15 IST" skipped="0">
  <testcase classname="rmgYantra_CrudOpration.PartialUpdateProjectTest" name="partialUpdateProject" time="3.938"/>
  <system-out/>
</testsuite> <!-- rmgYantra_CrudOpration.PartialUpdateProjectTest -->
