<?xml version="1.0" encoding="UTF-8"?>
<!-- Generated by org.testng.reporters.JUnitReportReporter -->
<testsuite hostname="DESKTOP-M0OO5DE" failures="0" tests="1" name="BDD_rmgYantraCRUD.pra" time="2.228" errors="0" timestamp="2022-11-25T16:00:14 IST" skipped="0">
  <testcase classname="BDD_rmgYantraCRUD.pra" name="get" time="2.228"/>
  <system-out/>
</testsuite> <!-- BDD_rmgYantraCRUD.pra -->
