<?xml version="1.0" encoding="UTF-8"?>
<!-- Generated by org.testng.reporters.JUnitReportReporter -->
<testsuite hostname="DESKTOP-M0OO5DE" failures="0" tests="1" name="com.testYantra.Authentication.OuthGet" time="4.665" errors="0" timestamp="2022-11-25T15:51:59 IST" skipped="0">
  <testcase classname="com.testYantra.Authentication.OuthGet" name="getData" time="4.665"/>
  <system-out/>
</testsuite> <!-- com.testYantra.Authentication.OuthGet -->
