<?xml version="1.0" encoding="UTF-8"?>
<!-- Generated by org.testng.reporters.JUnitReportReporter -->
<testsuite hostname="DESKTOP-M0OO5DE" failures="0" tests="1" name="BDD_rmgYantraCRUD.CreateProTestUsingHashMap" time="2.484" errors="0" timestamp="2022-11-21T17:19:31 IST" skipped="0">
  <testcase classname="BDD_rmgYantraCRUD.CreateProTestUsingHashMap" name="createPro" time="2.484"/>
  <system-out/>
</testsuite> <!-- BDD_rmgYantraCRUD.CreateProTestUsingHashMap -->
