<?xml version="1.0" encoding="UTF-8"?>
<!-- Generated by org.testng.reporters.JUnitReportReporter -->
<testsuite hostname="DESKTOP-M0OO5DE" failures="0" tests="1" name="com.testYantra.validation.ValidateData1" time="2.493" errors="0" timestamp="2022-11-22T12:43:34 IST" skipped="0">
  <testcase classname="com.testYantra.validation.ValidateData1" name="validateData" time="2.493"/>
  <system-out/>
</testsuite> <!-- com.testYantra.validation.ValidateData1 -->
