<?xml version="1.0" encoding="UTF-8"?>
<!-- Generated by org.testng.reporters.JUnitReportReporter -->
<testsuite hostname="DESKTOP-M0OO5DE" failures="0" tests="1" name="com.rmgYantra.Parametes.PathParameters" time="2.110" errors="0" timestamp="2022-11-22T15:46:09 IST" skipped="0">
  <testcase classname="com.rmgYantra.Parametes.PathParameters" name="pathPara" time="2.110"/>
  <system-out/>
</testsuite> <!-- com.rmgYantra.Parametes.PathParameters -->
