<?xml version="1.0" encoding="UTF-8"?>
<!-- Generated by org.testng.reporters.JUnitReportReporter -->
<testsuite hostname="DESKTOP-M0OO5DE" failures="0" tests="1" name="BDD_rmgYantraCRUD.CreateProTest" time="2.857" errors="0" timestamp="2022-11-22T20:58:32 IST" skipped="0">
  <testcase classname="BDD_rmgYantraCRUD.CreateProTest" name="createTestBDD" time="2.857"/>
  <system-out/>
</testsuite> <!-- BDD_rmgYantraCRUD.CreateProTest -->
