<?xml version="1.0" encoding="UTF-8"?>
<!-- Generated by org.testng.reporters.JUnitReportReporter -->
<testsuite hostname="DESKTOP-M0OO5DE" failures="0" tests="1" name="BDD_rmgYantraCRUD.FullUpdateProTest" time="2.515" errors="0" timestamp="2022-11-21T16:45:21 IST" skipped="0">
  <testcase classname="BDD_rmgYantraCRUD.FullUpdateProTest" name="updateFullProject" time="2.515"/>
  <system-out/>
</testsuite> <!-- BDD_rmgYantraCRUD.FullUpdateProTest -->
