<?xml version="1.0" encoding="UTF-8"?>
<!-- Generated by org.testng.reporters.JUnitReportReporter -->
<testsuite hostname="DESKTOP-M0OO5DE" failures="0" tests="1" name="rmgYantra_CrudOpration.GetProjectsTest" time="1.820" errors="0" timestamp="2022-11-25T10:59:59 IST" skipped="0">
  <testcase classname="rmgYantra_CrudOpration.GetProjectsTest" name="getProjects" time="1.820"/>
  <system-out/>
</testsuite> <!-- rmgYantra_CrudOpration.GetProjectsTest -->
