<?xml version="1.0" encoding="UTF-8"?>
<!-- Generated by org.testng.reporters.JUnitReportReporter -->
<testsuite hostname="DESKTOP-M0OO5DE" failures="0" tests="1" name="BDD_rmgYantraCRUD.GetProjectsTest" time="16.109" errors="0" timestamp="2022-11-25T16:16:36 IST" skipped="0">
  <testcase classname="BDD_rmgYantraCRUD.GetProjectsTest" name="getProjects" time="16.109"/>
  <system-out/>
</testsuite> <!-- BDD_rmgYantraCRUD.GetProjectsTest -->
