<?xml version="1.0" encoding="UTF-8"?>
<!-- Generated by org.testng.reporters.JUnitReportReporter -->
<testsuite hostname="DESKTOP-M0OO5DE" failures="0" tests="1" name="com.testYantra.Authentication.BasicAuth" time="6.333" errors="0" timestamp="2022-11-23T11:32:51 IST" skipped="0">
  <testcase classname="com.testYantra.Authentication.BasicAuth" name="basicAuth" time="6.333"/>
  <system-out/>
</testsuite> <!-- com.testYantra.Authentication.BasicAuth -->
