<?xml version="1.0" encoding="UTF-8"?>
<!-- Generated by org.testng.reporters.JUnitReportReporter -->
<testsuite hostname="DESKTOP-M0OO5DE" failures="0" tests="1" name="com.rmgYantra.Parametes.RequestChaining" time="3.254" errors="0" timestamp="2022-11-22T20:59:01 IST" skipped="0">
  <testcase classname="com.rmgYantra.Parametes.RequestChaining" name="requestChaining" time="3.254"/>
  <system-out/>
</testsuite> <!-- com.rmgYantra.Parametes.RequestChaining -->
