<?xml version="1.0" encoding="UTF-8"?>
<!-- Generated by org.testng.reporters.JUnitReportReporter -->
<testsuite hostname="DESKTOP-M0OO5DE" failures="0" tests="1" name="com.testYantra.Authentication.BearerToken" time="4.170" errors="0" timestamp="2022-11-23T11:36:59 IST" skipped="0">
  <testcase classname="com.testYantra.Authentication.BearerToken" name="bearerToken" time="4.170"/>
  <system-out/>
</testsuite> <!-- com.testYantra.Authentication.BearerToken -->
