<?xml version="1.0" encoding="UTF-8"?>
<!-- Generated by org.testng.reporters.JUnitReportReporter -->
<testsuite hostname="DESKTOP-M0OO5DE" failures="0" tests="1" name="rmgYantra_CrudOpration.CreateProjectTest" time="3.279" errors="0" timestamp="2022-11-21T15:43:44 IST" skipped="0">
  <testcase classname="rmgYantra_CrudOpration.CreateProjectTest" name="createProject" time="3.279"/>
  <system-out/>
</testsuite> <!-- rmgYantra_CrudOpration.CreateProjectTest -->
