<?xml version="1.0" encoding="UTF-8"?>
<!-- Generated by org.testng.reporters.JUnitReportReporter -->
<testsuite hostname="DESKTOP-M0OO5DE" failures="0" tests="1" name="testYantra_3Tier.Practice.ThreeTierProgram" time="21.730" errors="0" timestamp="2022-11-25T17:15:46 IST" skipped="0">
  <testcase classname="testYantra_3Tier.Practice.ThreeTierProgram" name="threeTierPro" time="21.730"/>
  <system-out/>
</testsuite> <!-- testYantra_3Tier.Practice.ThreeTierProgram -->
