<?xml version="1.0" encoding="UTF-8"?>
<!-- Generated by org.testng.reporters.JUnitReportReporter -->
<testsuite hostname="DESKTOP-M0OO5DE" failures="0" tests="1" name="com.rmgYantra.Parametes.QueryPara" time="4.954" errors="0" timestamp="2022-11-22T15:17:15 IST" skipped="0">
  <testcase classname="com.rmgYantra.Parametes.QueryPara" name="queryPara" time="4.954"/>
  <system-out/>
</testsuite> <!-- com.rmgYantra.Parametes.QueryPara -->
