<?xml version="1.0" encoding="UTF-8"?>
<!-- Generated by org.testng.reporters.JUnitReportReporter -->
<testsuite hostname="DESKTOP-M0OO5DE" failures="0" tests="1" name="com.testYantra.validation.ValidationData" time="3.012" errors="0" timestamp="2022-11-22T12:24:40 IST" skipped="0">
  <testcase classname="com.testYantra.validation.ValidationData" name="validateData" time="3.012"/>
  <system-out/>
</testsuite> <!-- com.testYantra.validation.ValidationData -->
