<?xml version="1.0" encoding="UTF-8"?>
<!-- Generated by org.testng.reporters.JUnitReportReporter -->
<testsuite hostname="DESKTOP-M0OO5DE" failures="0" tests="1" name="com.testYantra.Authentication.BearerToken1" time="3.382" errors="0" timestamp="2022-11-25T15:18:13 IST" skipped="0">
  <testcase classname="com.testYantra.Authentication.BearerToken1" name="beareeTest" time="3.382"/>
  <system-out/>
</testsuite> <!-- com.testYantra.Authentication.BearerToken1 -->
