<?xml version="1.0" encoding="UTF-8"?>
<!-- Generated by org.testng.reporters.JUnitReportReporter -->
<testsuite hostname="DESKTOP-M0OO5DE" failures="0" tests="1" name="com.testYantra.Authentication.OAuth" time="7.938" errors="0" timestamp="2022-11-23T12:42:45 IST" skipped="0">
  <testcase classname="com.testYantra.Authentication.OAuth" name="oAuth" time="7.938"/>
  <system-out/>
</testsuite> <!-- com.testYantra.Authentication.OAuth -->
