<?xml version="1.0" encoding="UTF-8"?>
<!-- Generated by org.testng.reporters.JUnitReportReporter -->
<testsuite hostname="DESKTOP-M0OO5DE" failures="0" tests="1" name="com.testYantra.validation.ResponseTimeValidation" time="2.741" errors="0" timestamp="2022-11-22T12:58:12 IST" skipped="0">
  <testcase classname="com.testYantra.validation.ResponseTimeValidation" name="respVal" time="2.741"/>
  <system-out/>
</testsuite> <!-- com.testYantra.validation.ResponseTimeValidation -->
