<?xml version="1.0" encoding="UTF-8"?>
<!-- Generated by org.testng.reporters.JUnitReportReporter -->
<testsuite hostname="DESKTOP-M0OO5DE" failures="0" tests="1" name="com.rmgYantra.Parametes.RequestChainingSoumya" time="4.359" errors="0" timestamp="2022-11-23T17:41:41 IST" skipped="0">
  <testcase classname="com.rmgYantra.Parametes.RequestChainingSoumya" name="endToEndSc" time="4.359"/>
  <system-out/>
</testsuite> <!-- com.rmgYantra.Parametes.RequestChainingSoumya -->
